2023-11-05 18:34:50,802 ERROR Hippodrome: Horses list is empty
2023-11-05 18:34:50,848 ERROR Hippodrome: Horses list is null
2023-11-05 18:34:52,343 DEBUG Hippodrome: Создание Hippodrome, лошадей 50
2023-11-05 18:34:52,457 DEBUG Horse: Создание Horse, имя 0, скорость 0.0 
2023-11-05 18:34:52,458 DEBUG Horse: Создание Horse, имя 1, скорость 1.0 
2023-11-05 18:34:52,458 DEBUG Horse: Создание Horse, имя 2, скорость 2.0 
2023-11-05 18:34:52,458 DEBUG Horse: Создание Horse, имя 3, скорость 3.0 
2023-11-05 18:34:52,458 DEBUG Horse: Создание Horse, имя 4, скорость 4.0 
2023-11-05 18:34:52,458 DEBUG Horse: Создание Horse, имя 5, скорость 5.0 
2023-11-05 18:34:52,459 DEBUG Horse: Создание Horse, имя 6, скорость 6.0 
2023-11-05 18:34:52,459 DEBUG Horse: Создание Horse, имя 7, скорость 7.0 
2023-11-05 18:34:52,459 DEBUG Horse: Создание Horse, имя 8, скорость 8.0 
2023-11-05 18:34:52,459 DEBUG Horse: Создание Horse, имя 9, скорость 9.0 
2023-11-05 18:34:52,459 DEBUG Horse: Создание Horse, имя 10, скорость 10.0 
2023-11-05 18:34:52,459 DEBUG Horse: Создание Horse, имя 11, скорость 11.0 
2023-11-05 18:34:52,459 DEBUG Horse: Создание Horse, имя 12, скорость 12.0 
2023-11-05 18:34:52,459 DEBUG Horse: Создание Horse, имя 13, скорость 13.0 
2023-11-05 18:34:52,459 DEBUG Horse: Создание Horse, имя 14, скорость 14.0 
2023-11-05 18:34:52,460 DEBUG Horse: Создание Horse, имя 15, скорость 15.0 
2023-11-05 18:34:52,460 DEBUG Horse: Создание Horse, имя 16, скорость 16.0 
2023-11-05 18:34:52,460 DEBUG Horse: Создание Horse, имя 17, скорость 17.0 
2023-11-05 18:34:52,460 DEBUG Horse: Создание Horse, имя 18, скорость 18.0 
2023-11-05 18:34:52,460 DEBUG Horse: Создание Horse, имя 19, скорость 19.0 
2023-11-05 18:34:52,460 DEBUG Horse: Создание Horse, имя 20, скорость 20.0 
2023-11-05 18:34:52,460 DEBUG Horse: Создание Horse, имя 21, скорость 21.0 
2023-11-05 18:34:52,460 DEBUG Horse: Создание Horse, имя 22, скорость 22.0 
2023-11-05 18:34:52,460 DEBUG Horse: Создание Horse, имя 23, скорость 23.0 
2023-11-05 18:34:52,460 DEBUG Horse: Создание Horse, имя 24, скорость 24.0 
2023-11-05 18:34:52,460 DEBUG Horse: Создание Horse, имя 25, скорость 25.0 
2023-11-05 18:34:52,460 DEBUG Horse: Создание Horse, имя 26, скорость 26.0 
2023-11-05 18:34:52,460 DEBUG Horse: Создание Horse, имя 27, скорость 27.0 
2023-11-05 18:34:52,460 DEBUG Horse: Создание Horse, имя 28, скорость 28.0 
2023-11-05 18:34:52,461 DEBUG Horse: Создание Horse, имя 29, скорость 29.0 
2023-11-05 18:34:52,461 DEBUG Hippodrome: Создание Hippodrome, лошадей 30
2023-11-05 18:34:52,464 DEBUG Horse: Создание Horse, имя horse1, скорость 2.0 
2023-11-05 18:34:52,464 DEBUG Horse: Создание Horse, имя horse1, скорость 4.0 
2023-11-05 18:34:52,464 DEBUG Horse: Создание Horse, имя horse1, скорость 3.0 
2023-11-05 18:34:52,464 DEBUG Horse: Создание Horse, имя horse1, скорость 4.0 
2023-11-05 18:34:52,464 DEBUG Horse: Создание Horse, имя horse1, скорость 1.0 
2023-11-05 18:34:52,465 DEBUG Hippodrome: Создание Hippodrome, лошадей 5
2023-11-05 18:34:52,496 ERROR Horse: Distance is negative 
2023-11-05 18:34:52,500 DEBUG Horse: Создание Horse, имя horse, скорость 20.0 
2023-11-05 18:34:52,505 ERROR Horse: Name is null 
2023-11-05 18:34:52,527 DEBUG Horse: Создание Horse, имя Pony, скорость 1.0 
2023-11-05 18:34:52,535 DEBUG Horse: Создание Horse, имя конь, скорость 2.0 
2023-11-05 18:34:52,657 ERROR Horse: Name is blank 
2023-11-05 18:34:52,680 ERROR Horse: Name is blank 
2023-11-05 18:34:52,685 ERROR Horse: Name is blank 
2023-11-05 18:34:52,690 DEBUG Horse: Создание Horse, имя horse, скорость 20.0 
2023-11-05 18:34:52,690 DEBUG Horse: Создание Horse, имя Pony2, скорость 25.0 
2023-11-05 18:34:52,693 ERROR Horse: Speed is negative 
2023-11-05 18:34:52,711 DEBUG Horse: Создание Horse, имя Horse, скорость 3.0 
